proguard-project.txt
-keep class javax.xml.stream.** { *; }
-dontwarn org.jdom2.**