proguard/seeds.txt
android.support.v7.appcompat.R$integer: int abc_max_action_buttons
android.support.v7.appcompat.R$layout: int abc_action_bar_decor
android.support.v7.appcompat.R$layout: int abc_action_bar_decor_include
android.support.v7.appcompat.R$layout: int abc_action_bar_decor_overlay
android.support.v7.appcompat.R$layout: int abc_action_bar_home
android.support.v7.appcompat.R$layout: int abc_action_bar_tab
android.support.v7.appcompat.R$layout: int abc_action_bar_tabbar
android.support.v7.appcompat.R$layout: int abc_action_bar_title_item
android.support.v7.appcompat.R$layout: int abc_action_bar_view_list_nav_layout
android.support.v7.appcompat.R$layout: int abc_action_menu_item_layout
android.support.v7.appcompat.R$layout: int abc_action_menu_layout
android.support.v7.appcompat.R$layout: int abc_action_mode_bar
android.support.v7.appcompat.R$layout: int abc_action_mode_close_item
android.support.v7.appcompat.R$layout: int abc_activity_chooser_view
android.support.v7.appcompat.R$layout: int abc_activity_chooser_view_include
android.support.v7.appcompat.R$layout: int abc_activity_chooser_view_list_item
android.support.v7.appcompat.R$layout: int abc_expanded_menu_layout
android.support.v7.appcompat.R$layout: int abc_list_menu_item_checkbox
android.support.v7.appcompat.R$layout: int abc_list_menu_item_icon
android.support.v7.appcompat.R$layout: int abc_list_menu_item_layout
android.support.v7.appcompat.R$layout: int abc_list_menu_item_radio
android.support.v7.appcompat.R$layout: int abc_popup_menu_item_layout
android.support.v7.appcompat.R$string: int abc_action_bar_home_description
android.support.v7.appcompat.R$string: int abc_action_bar_up_description
android.support.v7.appcompat.R$string: int abc_action_menu_overflow_description
android.support.v7.appcompat.R$string: int abc_action_mode_done
android.support.v7.appcompat.R$string: int abc_activity_chooser_view_see_all
android.support.v7.appcompat.R$string: int abc_activitychooserview_choose_application
android.support.v7.appcompat.R$string: int abc_searchview_description_clear
android.support.v7.appcompat.R$string: int abc_searchview_description_query
android.support.v7.appcompat.R$string: int abc_searchview_description_search
android.support.v7.appcompat.R$string: int abc_searchview_description_submit
android.support.v7.appcompat.R$string: int abc_searchview_description_voice
android.support.v7.appcompat.R$string: int abc_shareactionprovider_share_with
android.support.v7.appcompat.R$string: int abc_shareactionprovider_share_with_application
android.support.v7.appcompat.R$style: int TextAppearance_AppCompat_Base_CompactMenu_Dialog
android.support.v7.appcompat.R$style: int TextAppearance_AppCompat_Base_SearchResult
android.support.v7.appcompat.R$style: int TextAppearance_AppCompat_Base_SearchResult_Subtitle
android.support.v7.appcompat.R$style: int TextAppearance_AppCompat_Base_SearchResult_Title
android.support.v7.appcompat.R$style: int TextAppearance_AppCompat_Base_Widget_PopupMenu_Large
android.support.v7.appcompat.R$style: int TextAppearance_AppCompat_Base_Widget_PopupMenu_Small
android.support.v7.appcompat.R$style: int TextAppearance_AppCompat_Light_Base_SearchResult
android.support.v7.appcompat.R$style: int TextAppearance_AppCompat_Light_Base_SearchResult_Subtitle
android.support.v7.appcompat.R$style: int TextAppearance_AppCompat_Light_Base_SearchResult_Title
android.support.v7.appcompat.R$style: int TextAppearance_AppCompat_Light_Base_Widget_PopupMenu_Large
android.support.v7.appcompat.R$style: int TextAppearance_AppCompat_Light_Base_Widget_PopupMenu_Small
android.support.v7.appcompat.R$style: int TextAppearance_AppCompat_Light_SearchResult_Subtitle
android.support.v7.appcompat.R$style: int TextAppearance_AppCompat_Light_SearchResult_Title
android.support.v7.appcompat.R$style: int TextAppearance_AppCompat_Light_Widget_PopupMenu_Large
android.support.v7.appcompat.R$style: int TextAppearance_AppCompat_Light_Widget_PopupMenu_Small