proguard/mapping.txt
android.support.v4.view.AccessibilityDelegateCompat -> android.support.v4.view.a:
    android.support.v4.view.AccessibilityDelegateCompat$AccessibilityDelegateImpl IMPL -> b
    java.lang.Object DEFAULT_DELEGATE -> c
    java.lang.Object mBridge -> a
    java.lang.Object getBridge() -> a
    void sendAccessibilityEvent(android.view.View,int) -> a
    void sendAccessibilityEventUnchecked(android.view.View,android.view.accessibility.AccessibilityEvent) -> a
    boolean dispatchPopulateAccessibilityEvent(android.view.View,android.view.accessibility.AccessibilityEvent) -> b
    void onPopulateAccessibilityEvent(android.view.View,android.view.accessibility.AccessibilityEvent) -> c
    void onInitializeAccessibilityEvent(android.view.View,android.view.accessibility.AccessibilityEvent) -> d
    void onInitializeAccessibilityNodeInfo(android.view.View,android.support.v4.view.accessibility.AccessibilityNodeInfoCompat) -> a
    boolean onRequestSendAccessibilityEvent(android.view.ViewGroup,android.view.View,android.view.accessibility.AccessibilityEvent) -> a
    android.support.v4.view.accessibility.AccessibilityNodeProviderCompat getAccessibilityNodeProvider(android.view.View) -> a
    boolean performAccessibilityAction(android.view.View,int,android.os.Bundle) -> a
android.support.v4.view.AccessibilityDelegateCompat$AccessibilityDelegateIcsImpl -> android.support.v4.view.b:
    java.lang.Object newAccessiblityDelegateDefaultImpl() -> a
    java.lang.Object newAccessiblityDelegateBridge(android.support.v4.view.AccessibilityDelegateCompat) -> a
    boolean dispatchPopulateAccessibilityEvent(java.lang.Object,android.view.View,android.view.accessibility.AccessibilityEvent) -> a
    void onInitializeAccessibilityEvent(java.lang.Object,android.view.View,android.view.accessibility.AccessibilityEvent) -> b
    void onInitializeAccessibilityNodeInfo(java.lang.Object,android.view.View,android.support.v4.view.accessibility.AccessibilityNodeInfoCompat) -> a
    void onPopulateAccessibilityEvent(java.lang.Object,android.view.View,android.view.accessibility.AccessibilityEvent) -> c
    boolean onRequestSendAccessibilityEvent(java.lang.Object,android.view.ViewGroup,android.view.View,android.view.accessibility.AccessibilityEvent) -> a
    void sendAccessibilityEvent(java.lang.Object,android.view.View,int) -> a
    void sendAccessibilityEventUnchecked(java.lang.Object,android.view.View,android.view.accessibility.AccessibilityEvent) -> d
android.support.v4.view.AccessibilityDelegateCompat$AccessibilityDelegateIcsImpl$1 -> android.support.v4.view.c:
    android.support.v4.view.AccessibilityDelegateCompat val$compat -> a
    android.support.v4.view.AccessibilityDelegateCompat$AccessibilityDelegateIcsImpl this$0 -> b
    boolean dispatchPopulateAccessibilityEvent(android.view.View,android.view.accessibility.AccessibilityEvent) -> a
    void onInitializeAccessibilityEvent(android.view.View,android.view.accessibility.AccessibilityEvent) -> b
    void onInitializeAccessibilityNodeInfo(android.view.View,java.lang.Object) -> a
    void onPopulateAccessibilityEvent(android.view.View,android.view.accessibility.AccessibilityEvent) -> c
    boolean onRequestSendAccessibilityEvent(android.view.ViewGroup,android.view.View,android.view.accessibility.AccessibilityEvent) -> a
    void sendAccessibilityEvent(android.view.View,int) -> a
    void sendAccessibilityEventUnchecked(android.view.View,android.view.accessibility.AccessibilityEvent) -> d