proguard/usage.txt
android.support.v4.view.ViewCompat$HCViewCompatImpl:
    391:391:public float getAlpha(android.view.View)
    411:411:public int resolveSizeAndState(int,int,int)
    415:415:public int getMeasuredWidthAndState(android.view.View)
    419:419:public int getMeasuredHeightAndState(android.view.View)
    423:423:public int getMeasuredState(android.view.View)
android.support.v4.view.ViewCompat$ICSViewCompatImpl:
    434:434:public boolean canScrollVertically(android.view.View,int)
    438:439:public void onPopulateAccessibilityEvent(android.view.View,android.view.accessibility.AccessibilityEvent)
    442:443:public void onInitializeAccessibilityEvent(android.view.View,android.view.accessibility.AccessibilityEvent)
    446:447:public void onInitializeAccessibilityNodeInfo(android.view.View,android.support.v4.view.accessibility.AccessibilityNodeInfoCompat)
android.support.v4.view.ViewCompat$JBViewCompatImpl:
    457:457:public boolean hasTransientState(android.view.View)
    461:462:public void setHasTransientState(android.view.View,boolean)
    477:478:public void postOnAnimationDelayed(android.view.View,java.lang.Runnable,long)
    489:489:public boolean performAccessibilityAction(android.view.View,int,android.os.Bundle)
    493:497:public android.support.v4.view.accessibility.AccessibilityNodeProviderCompat getAccessibilityNodeProvider(android.view.View)
android.support.v4.view.ViewCompat$JbMr1ViewCompatImpl:
    510:510:public int getLabelFor(android.view.View)
    515:516:public void setLabelFor(android.view.View,int)
    530:531:public void setLayoutDirection(android.view.View,int)
android.support.v4.view.ViewCompat$KitKatViewCompatImpl:
    537:537:public int getAccessibilityLiveRegion(android.view.View)
    542:543:public void setAccessibilityLiveRegion(android.view.View,int)
android.support.v4.view.ViewCompat$ViewCompatImpl:
    public abstract boolean canScrollVertically(android.view.View,int)
    public abstract void setOverScrollMode(android.view.View,int)
    public abstract void onInitializeAccessibilityEvent(android.view.View,android.view.accessibility.AccessibilityEvent)
    public abstract void onPopulateAccessibilityEvent(android.view.View,android.view.accessibility.AccessibilityEvent)
    public abstract void onInitializeAccessibilityNodeInfo(android.view.View,android.support.v4.view.accessibility.AccessibilityNodeInfoCompat)
    public abstract boolean hasTransientState(android.view.View)
    public abstract void setHasTransientState(android.view.View,boolean)
    public abstract void postOnAnimationDelayed(android.view.View,java.lang.Runnable,long)
    public abstract boolean performAccessibilityAction(android.view.View,int,android.os.Bundle)
    public abstract android.support.v4.view.accessibility.AccessibilityNodeProviderCompat getAccessibilityNodeProvider(android.view.View)
    public abstract float getAlpha(android.view.View)
    public abstract int getLabelFor(android.view.View)
    public abstract void setLabelFor(android.view.View,int)
    public abstract void setLayoutDirection(android.view.View,int)
    public abstract int resolveSizeAndState(int,int,int)
    public abstract int getMeasuredWidthAndState(android.view.View)
    public abstract int getMeasuredHeightAndState(android.view.View)
android.support.v4.view.ViewCompatEclairMr1:
    22:22:ViewCompatEclairMr1()
android.support.v4.view.ViewCompatGingerbread:
    21:21:ViewCompatGingerbread()
    27:28:public static void setOverScrollMode(android.view.View,int)
android.support.v4.view.ViewCompatHC:
    23:23:ViewCompatHC()
    29:29:public static float getAlpha(android.view.View)
    41:41:public static int resolveSizeAndState(int,int,int)
    45:45:public static int getMeasuredWidthAndState(android.view.View)
    49:49:public static int getMeasuredHeightAndState(android.view.View)
    53:53:public static int getMeasuredState(android.view.View)